[debug] [2020-12-11T14:29:19.429Z] ----------------------------------------------------------------------
[debug] [2020-12-11T14:29:19.432Z] Command:       C:\Program Files\nodejs\node.exe C:\Users\56965\AppData\Roaming\npm\node_modules\firebase-tools\lib\bin\firebase.js login
[debug] [2020-12-11T14:29:19.433Z] CLI Version:   8.18.1
[debug] [2020-12-11T14:29:19.433Z] Platform:      win32
[debug] [2020-12-11T14:29:19.433Z] Node Version:  v14.15.1
[debug] [2020-12-11T14:29:19.435Z] Time:          Fri Dec 11 2020 11:29:19 GMT-0300 (hora de verano de Chile)
[debug] [2020-12-11T14:29:19.435Z] ----------------------------------------------------------------------
[debug] [2020-12-11T14:29:19.435Z] 
[debug] [2020-12-11T14:29:19.438Z] >>> [apiv2][query] GET https://firebase-public.firebaseio.com/cli.json [none]
[info] i  Firebase optionally collects CLI usage and error reporting information to help improve our products. Data is collected in accordance with Google's privacy policy (https://policies.google.com/privacy) and is not used to identify you.
 
[debug] [2020-12-11T14:29:21.693Z] <<< [apiv2][status] GET https://firebase-public.firebaseio.com/cli.json 200
[debug] [2020-12-11T14:29:21.694Z] <<< [apiv2][body] GET https://firebase-public.firebaseio.com/cli.json {"cloudBuildErrorAfter":1594252800000,"cloudBuildWarnAfter":1590019200000,"defaultNode10After":1594252800000,"minVersion":"3.0.5","node8DeploysDisabledAfter":1613390400000,"node8RuntimeDisabledAfter":1615809600000,"node8WarnAfter":1600128000000}
[debug] [2020-12-11T14:33:26.954Z] ----------------------------------------------------------------------
[debug] [2020-12-11T14:33:26.957Z] Command:       C:\Program Files\nodejs\node.exe C:\Users\56965\AppData\Roaming\npm\node_modules\firebase-tools\lib\bin\firebase.js login
[debug] [2020-12-11T14:33:26.957Z] CLI Version:   8.18.1
[debug] [2020-12-11T14:33:26.957Z] Platform:      win32
[debug] [2020-12-11T14:33:26.957Z] Node Version:  v14.15.1
[debug] [2020-12-11T14:33:26.959Z] Time:          Fri Dec 11 2020 11:33:26 GMT-0300 (hora de verano de Chile)
[debug] [2020-12-11T14:33:26.959Z] ----------------------------------------------------------------------
[debug] [2020-12-11T14:33:26.959Z] 
[info] i  Firebase optionally collects CLI usage and error reporting information to help improve our products. Data is collected in accordance with Google's privacy policy (https://policies.google.com/privacy) and is not used to identify you.
 
